$ node scripts/run-parcel.mjs build public/index.html --dist-dir dist --public-url ./
/bin/sh: /Users/pacholoamit/Developer/code-workspace/mediajel/mediajel-tracker/node_modules/term-size/vendor/macos/term-size: Bad CPU type in executable
Building...

@parcel/transformer-postcss: Parcel includes CSS transpilation and vendor 
prefixing by default. PostCSS config .postcssrc contains the following redundant
 plugins: autoprefixer. Removing these may improve build performance.


  /Users/pacholoamit/Developer/code-workspace/mediajel/mediajel-tracker/apps/integrations/.postcssrc:4:5
    3 |     "tailwindcss": {},
  > 4 |     "autoprefixer": {}
  >   |     ^^^^^^^^^^^^^^
    5 |   }
    6 | }
  💡 Remove the above plugins from .postcssrc
  📝 Learn more: https://parceljs.org/languages/css/#default-plugins

Bundling...
Packaging & Optimizing...
✨ Built in 3.50s

dist/index.html                876 B    457ms
dist/index.7a3e969b.js     357.29 KB    443ms
dist/index.d98c5a96.css     28.62 KB    203ms
